<?xml version="1.0" encoding="UTF-8"?>
<!-- Generated by org.testng.reporters.JUnitReportReporter -->
<testsuite hostname="Zhumu-Arhaam" failures="0" tests="14" name="pagesTest.HomePageTest" time="12.186" errors="0" timestamp="2023-12-03T11:18:38 EST" skipped="12">
  <testcase classname="pagesTest.HomePageTest" name="inputInLoginFieldTest" time="7.630"/>
  <testcase classname="pagesTest.HomePageTest" name="clickSignInTest" time="4.556"/>
  <testcase classname="pagesTest.HomePageTest" name="clickUserIdTest">
    <skipped/>
  </testcase> <!-- clickUserIdTest -->
  <testcase classname="pagesTest.HomePageTest" name="role_in_create_account">
    <skipped/>
  </testcase> <!-- role_in_create_account -->
  <testcase classname="pagesTest.HomePageTest" name="clickPasswordIdTest">
    <skipped/>
  </testcase> <!-- clickPasswordIdTest -->
  <testcase classname="pagesTest.HomePageTest" name="isDisplayed_in_create_account">
    <skipped/>
  </testcase> <!-- isDisplayed_in_create_account -->
  <testcase classname="pagesTest.HomePageTest" name="linkText">
    <skipped/>
  </testcase> <!-- linkText -->
  <testcase classname="pagesTest.HomePageTest" name="nullPointerExceptionTest">
    <skipped/>
  </testcase> <!-- nullPointerExceptionTest -->
  <testcase classname="pagesTest.HomePageTest" name="partialLinkText">
    <skipped/>
  </testcase> <!-- partialLinkText -->
  <testcase classname="pagesTest.HomePageTest" name="clickLogoTest">
    <skipped/>
  </testcase> <!-- clickLogoTest -->
  <testcase classname="pagesTest.HomePageTest" name="role_in_logo">
    <skipped/>
  </testcase> <!-- role_in_logo -->
  <testcase classname="pagesTest.HomePageTest" name="role_in_sign_in">
    <skipped/>
  </testcase> <!-- role_in_sign_in -->
  <testcase classname="pagesTest.HomePageTest" name="isEnabled_in_sign_in">
    <skipped/>
  </testcase> <!-- isEnabled_in_sign_in -->
  <testcase classname="pagesTest.HomePageTest" name="isSelected_in_logo">
    <skipped/>
  </testcase> <!-- isSelected_in_logo -->
</testsuite> <!-- pagesTest.HomePageTest -->
