<?xml version="1.0" encoding="UTF-8"?>
<!-- Generated by org.testng.reporters.JUnitReportReporter -->
<testsuite hostname="Zhumu-Arhaam" failures="0" tests="1" name="pagesTest.HomePageTest" time="7.185" errors="0" timestamp="2023-11-13T18:51:06 EST" skipped="0">
  <testcase classname="pagesTest.HomePageTest" name="clickSkipToMainContentTest" time="7.185"/>
</testsuite> <!-- pagesTest.HomePageTest -->
